<?xml version="1.0" encoding="UTF-8"?>
<!-- Generated by org.testng.reporters.JUnitXMLReporter -->
<testsuite hostname="AU20R6LX1" ignored="0" name="NavigatingHomePage" tests="3" failures="0" timestamp="09 Aug 2018 02:42:30 GMT" time="0.087" errors="0">
  <testcase name="@BeforeTest openBrowser" time="0.023" classname="com.ekaterina.HomePageTest">
    <failure type="java.io.FileNotFoundException" message="C:\Users\ekate\Desktop\Eclipse\SeleniumFramework\src\com.ekaterina\DataF.properties (The system cannot find the path specified)">
      <![CDATA[java.io.FileNotFoundException: C:\Users\ekate\Desktop\Eclipse\SeleniumFramework\src\com.ekaterina\DataF.properties (The system cannot find the path specified)
at java.io.FileInputStream.open0(Native Method)
at java.io.FileInputStream.open(FileInputStream.java:195)
at java.io.FileInputStream.<init>(FileInputStream.java:138)
at java.io.FileInputStream.<init>(FileInputStream.java:93)
at com.ekaterina.Basic.driverInitialization(Basic.java:49)
at com.ekaterina.HomePageTest.openBrowser(HomePageTest.java:38)
... Removed 24 stack frames]]>
    </failure>
  </testcase> <!-- @BeforeTest openBrowser -->
  <testcase name="@AfterTest closeBrowser" time="0.0" classname="com.ekaterina.HomePageTest">
    <skipped/>
  </testcase> <!-- @AfterTest closeBrowser -->
  <testcase name="homePageNavigation" time="0.0" classname="com.ekaterina.HomePageTest">
    <skipped/>
  </testcase> <!-- homePageNavigation -->
  <testcase name="homePageNavigation" time="0.0" classname="com.ekaterina.HomePageTest">
    <skipped/>
  </testcase> <!-- homePageNavigation -->
  <testcase name="buttonClick" time="0.0" classname="com.ekaterina.HomePageTest">
    <skipped/>
  </testcase> <!-- buttonClick -->
</testsuite> <!-- NavigatingHomePage -->
