<?xml version="1.0" encoding="UTF-8"?>
<!-- Generated by org.testng.reporters.JUnitXMLReporter -->
<testsuite hostname="AU20R6LX1" ignored="2" name="Test" tests="2" failures="1" timestamp="12 Oct 2018 00:34:02 GMT" time="17.934" errors="0">
  <testcase name="navigatetocalc" time="12.524" classname="com.ekaterina.MortgageCalculatorTest"/>
  <testcase name="navigatetocalc" time="12.535" classname="com.ekaterina.MortgageCalculatorTest">
    <failure type="java.lang.NullPointerException">
      <![CDATA[java.lang.NullPointerException
at com.ekaterina.Basic.takeTestScreenshot(Basic.java:89)
at com.ekaterina.Listeners.onTestSuccess(Listeners.java:55)
... Removed 22 stack frames]]>
    </failure>
  </testcase> <!-- navigatetocalc -->
  <testcase name="@BeforeTest openBrowser" time="0.0" classname="com.ekaterina.BankRateTest">
    <ignored/>
  </testcase> <!-- @BeforeTest openBrowser -->
  <testcase name="@BeforeTest openBrowser" time="0.0" classname="com.ekaterina.HomePageTest">
    <ignored/>
  </testcase> <!-- @BeforeTest openBrowser -->
</testsuite> <!-- Test -->
