<?xml version="1.0" encoding="UTF-8"?>
<!-- Generated by org.testng.reporters.JUnitXMLReporter -->
<testsuite hostname="AU20R6LX1" ignored="2" name="Test" tests="2" failures="1" timestamp="29 Sep 2018 04:22:37 GMT" time="15.679" errors="0">
  <testcase name="navigatetocalc" time="10.662" classname="com.ekaterina.MortgageCalculatorTest"/>
  <testcase name="navigatetocalc" time="10.726" classname="com.ekaterina.MortgageCalculatorTest">
    <failure type="java.lang.NullPointerException">
      <![CDATA[java.lang.NullPointerException
at com.ekaterina.Basic.takeTestScreenshot(Basic.java:89)
at com.ekaterina.Listeners.onTestSuccess(Listeners.java:55)
... Removed 22 stack frames]]>
    </failure>
  </testcase> <!-- navigatetocalc -->
  <testcase name="@BeforeTest openBrowser" time="0.0" classname="com.ekaterina.BankRateTest">
    <ignored/>
  </testcase> <!-- @BeforeTest openBrowser -->
  <testcase name="@BeforeTest openBrowser" time="0.0" classname="com.ekaterina.HomePageTest">
    <ignored/>
  </testcase> <!-- @BeforeTest openBrowser -->
</testsuite> <!-- Test -->
