-------------------------------------------------------------------------------
Test set: TestSuite
-------------------------------------------------------------------------------
Tests run: 3, Failures: 1, Errors: 0, Skipped: 0, Time elapsed: 62.184 s <<< FAILURE! - in TestSuite
navigatetocalc(com.ekaterina.HomePageTest)  Time elapsed: 0.017 s  <<< FAILURE!
java.lang.AssertionError: expected [Mortgage Calculator] but found [Sign In For Your Free Credit Score & Monitoring | Bankrate]

