<?xml version="1.0" encoding="UTF-8"?>
<testsuite xmlns:xsi="http://www.w3.org/2001/XMLSchema-instance" xsi:noNamespaceSchemaLocation="https://maven.apache.org/surefire/maven-surefire-plugin/xsd/surefire-test-report.xsd" name="TestSuite" time="20.682" tests="6" errors="0" skipped="0" failures="5">
  <properties>
[...]
</properties>
  <testcase name="navigatetocalc" classname="com.ekaterina.MortgageCalculatorTest" time="13.583"/>
  <testcase name="navigToBankRate" classname="com.ekaterina.BankRateTest" time="0.017">
    <failure type="java.lang.NullPointerException">java.lang.NullPointerException
	at com.ekaterina.BankRateTest.navigToBankRate(BankRateTest.java:35)
</failure>
  </testcase>
  <testcase name="navigatetocalc" classname="com.ekaterina.BankRateTest" time="0">
    <failure type="java.lang.NullPointerException">java.lang.NullPointerException
</failure>
  </testcase>
  <testcase name="navigToBankRate" classname="com.ekaterina.HomePageTest" time="0">
    <failure type="java.lang.NullPointerException">java.lang.NullPointerException
</failure>
  </testcase>
  <testcase name="enterLogIn" classname="com.ekaterina.HomePageTest" time="0.001">
    <failure type="java.lang.NullPointerException">java.lang.NullPointerException
	at com.ekaterina.HomePageTest.enterLogIn(HomePageTest.java:58)
</failure>
  </testcase>
  <testcase name="navigatetocalc" classname="com.ekaterina.HomePageTest" time="0">
    <failure type="java.lang.NullPointerException">java.lang.NullPointerException
</failure>
  </testcase>
</testsuite>