<?xml version="1.0" encoding="UTF-8"?>
<testng-results skipped="0" failed="0" ignored="0" total="1" passed="1">
  <reporter-output>
  </reporter-output>
  <suite name="Default suite" duration-ms="19097" started-at="2018-10-12T02:45:48Z" finished-at="2018-10-12T02:46:07Z">
    <groups>
    </groups>
    <test name="Default test" duration-ms="19097" started-at="2018-10-12T02:45:48Z" finished-at="2018-10-12T02:46:07Z">
      <class name="com.ekaterina.MortgageCalculatorTest">
        <test-method status="PASS" signature="openBrowser()[pri:0, instance:com.ekaterina.MortgageCalculatorTest@1b7cc17c]" name="openBrowser" is-config="true" duration-ms="5906" started-at="2018-10-12T02:45:48Z" finished-at="2018-10-12T02:45:54Z">
          <reporter-output>
          </reporter-output>
        </test-method> <!-- openBrowser -->
        <test-method status="PASS" signature="navigatetocalc()[pri:0, instance:com.ekaterina.MortgageCalculatorTest@1b7cc17c]" name="navigatetocalc" duration-ms="13162" started-at="2018-10-12T02:45:54Z" finished-at="2018-10-12T02:46:07Z">
          <reporter-output>
          </reporter-output>
        </test-method> <!-- navigatetocalc -->
      </class> <!-- com.ekaterina.MortgageCalculatorTest -->
    </test> <!-- Default test -->
  </suite> <!-- Default suite -->
</testng-results>
